Build started 10/12/2015 8:20:51 AM.
     1>Project "C:\Users\rwaugh9221\Documents\Visual Studio 2013\Projects\Tanks_Game\Tanks_Game_Code\SFMLGame1\SFMLGame1.vcxproj" on node 2 (Build target(s)).
     1>ClCompile:
         C:\Program Files (x86)\Microsoft Visual Studio 12.0\VC\bin\CL.exe /c /I"C:\SFML\SFML-2.1\include" /Zi /nologo /W3 /WX- /sdl /O2 /Oi /Oy- /GL /D WIN32 /D NDEBUG /D _CONSOLE /D _LIB /D _UNICODE /D UNICODE /Gm- /EHsc /MD /GS /Gy /fp:precise /Zc:wchar_t /Zc:forScope /Fo"Release\\" /Fd"Release\vc120.pdb" /Gd /TP /analyze- /errorReport:prompt App.cpp BasicButton.cpp Main.cpp MainMenu.cpp Menu.cpp MenuBackground.cpp MenuElement.cpp MenuManager.cpp MenuSprite.cpp MouseData.cpp MultiMenuSprite.cpp NameSearchable.cpp ResourceGroup.cpp ResourceManager.cpp MultiTextBox.cpp SingleTextBox.cpp Slider.cpp
         App.cpp
         BasicButton.cpp
     1>BasicButton.cpp(334): warning C4244: 'argument' : conversion from 'int' to 'float', possible loss of data
         Main.cpp
         MainMenu.cpp
         Menu.cpp
         MenuBackground.cpp
         MenuElement.cpp
         MenuManager.cpp
         MenuSprite.cpp
         MouseData.cpp
         MultiMenuSprite.cpp
         NameSearchable.cpp
         ResourceGroup.cpp
         ResourceManager.cpp
         MultiTextBox.cpp
         SingleTextBox.cpp
     1>SingleTextBox.cpp(267): warning C4244: 'argument' : conversion from 'double' to 'float', possible loss of data
         Slider.cpp
       Link:
         C:\Program Files (x86)\Microsoft Visual Studio 12.0\VC\bin\link.exe /ERRORREPORT:PROMPT /OUT:"C:\Users\rwaugh9221\Documents\Visual Studio 2013\Projects\Tanks_Game\Tanks_Game_Code\Release\SFMLGame1.exe" /INCREMENTAL:NO /NOLOGO /LIBPATH:"C:\SFML\SFML-2.1\Libs\Release" "sfml-graphics.lib" "sfml-window.lib" "sfml-system.lib" kernel32.lib user32.lib gdi32.lib winspool.lib comdlg32.lib advapi32.lib shell32.lib ole32.lib oleaut32.lib uuid.lib odbc32.lib odbccp32.lib /MANIFEST /MANIFESTUAC:"level='asInvoker' uiAccess='false'" /manifest:embed /DEBUG /PDB:"C:\Users\rwaugh9221\Documents\Visual Studio 2013\Projects\Tanks_Game\Tanks_Game_Code\Release\SFMLGame1.pdb" /SUBSYSTEM:CONSOLE /OPT:REF /OPT:ICF /LTCG /TLBID:1 /DYNAMICBASE /NXCOMPAT /IMPLIB:"C:\Users\rwaugh9221\Documents\Visual Studio 2013\Projects\Tanks_Game\Tanks_Game_Code\Release\SFMLGame1.lib" /MACHINE:X86 /SAFESEH Release\App.obj
         Release\BasicButton.obj
         Release\Main.obj
         Release\MainMenu.obj
         Release\Menu.obj
         Release\MenuBackground.obj
         Release\MenuElement.obj
         Release\MenuManager.obj
         Release\MenuSprite.obj
         Release\MouseData.obj
         Release\MultiMenuSprite.obj
         Release\NameSearchable.obj
         Release\ResourceGroup.obj
         Release\ResourceManager.obj
         Release\MultiTextBox.obj
         Release\SingleTextBox.obj
         Release\Slider.obj
         Generating code
         Finished generating code
         SFMLGame1.vcxproj -> C:\Users\rwaugh9221\Documents\Visual Studio 2013\Projects\Tanks_Game\Tanks_Game_Code\Release\SFMLGame1.exe
     1>Done Building Project "C:\Users\rwaugh9221\Documents\Visual Studio 2013\Projects\Tanks_Game\Tanks_Game_Code\SFMLGame1\SFMLGame1.vcxproj" (Build target(s)).

Build succeeded.

Time Elapsed 00:00:06.72
