c:\users\riley\documents\visual studio 2013\projects\tanks_game\tanks_game_code\sfmlgame1\debug\vc120.pdb
c:\users\riley\documents\visual studio 2013\projects\tanks_game\tanks_game_code\sfmlgame1\debug\vc120.idb
c:\users\riley\documents\visual studio 2013\projects\tanks_game\tanks_game_code\sfmlgame1\debug\app.obj
c:\users\riley\documents\visual studio 2013\projects\tanks_game\tanks_game_code\sfmlgame1\debug\main.obj
c:\users\riley\documents\visual studio 2013\projects\tanks_game\tanks_game_code\sfmlgame1\debug\menuelement.obj
c:\users\riley\documents\visual studio 2013\projects\tanks_game\tanks_game_code\sfmlgame1\debug\mousedata.obj
c:\users\riley\documents\visual studio 2013\projects\tanks_game\tanks_game_code\sfmlgame1\debug\resourcegroup.obj
c:\users\riley\documents\visual studio 2013\projects\tanks_game\tanks_game_code\sfmlgame1\debug\resourcemanager.obj
c:\users\riley\documents\visual studio 2013\projects\tanks_game\tanks_game_code\sfmlgame1\debug\basicbutton.obj
c:\users\riley\documents\visual studio 2013\projects\tanks_game\tanks_game_code\debug\sfmlgame1.pdb
c:\users\riley\documents\visual studio 2013\projects\tanks_game\tanks_game_code\sfmlgame1\debug\sfmlgame1.tlog\cl.command.1.tlog
c:\users\riley\documents\visual studio 2013\projects\tanks_game\tanks_game_code\sfmlgame1\debug\sfmlgame1.tlog\cl.read.1.tlog
c:\users\riley\documents\visual studio 2013\projects\tanks_game\tanks_game_code\sfmlgame1\debug\sfmlgame1.tlog\cl.write.1.tlog
c:\users\riley\documents\visual studio 2013\projects\tanks_game\tanks_game_code\sfmlgame1\debug\sfmlgame1.tlog\link-cvtres.read.1.tlog
c:\users\riley\documents\visual studio 2013\projects\tanks_game\tanks_game_code\sfmlgame1\debug\sfmlgame1.tlog\link-cvtres.write.1.tlog
c:\users\riley\documents\visual studio 2013\projects\tanks_game\tanks_game_code\sfmlgame1\debug\sfmlgame1.tlog\link-rc.read.1.tlog
c:\users\riley\documents\visual studio 2013\projects\tanks_game\tanks_game_code\sfmlgame1\debug\sfmlgame1.tlog\link-rc.write.1.tlog
c:\users\riley\documents\visual studio 2013\projects\tanks_game\tanks_game_code\sfmlgame1\debug\sfmlgame1.tlog\link.6496-cvtres.read.1.tlog
c:\users\riley\documents\visual studio 2013\projects\tanks_game\tanks_game_code\sfmlgame1\debug\sfmlgame1.tlog\link.6496-cvtres.write.1.tlog
c:\users\riley\documents\visual studio 2013\projects\tanks_game\tanks_game_code\sfmlgame1\debug\sfmlgame1.tlog\link.6496-rc.read.1.tlog
c:\users\riley\documents\visual studio 2013\projects\tanks_game\tanks_game_code\sfmlgame1\debug\sfmlgame1.tlog\link.6496-rc.write.1.tlog
c:\users\riley\documents\visual studio 2013\projects\tanks_game\tanks_game_code\sfmlgame1\debug\sfmlgame1.tlog\link.6496.read.1.tlog
c:\users\riley\documents\visual studio 2013\projects\tanks_game\tanks_game_code\sfmlgame1\debug\sfmlgame1.tlog\link.6496.write.1.tlog
c:\users\riley\documents\visual studio 2013\projects\tanks_game\tanks_game_code\sfmlgame1\debug\sfmlgame1.tlog\link.command.1.tlog
c:\users\riley\documents\visual studio 2013\projects\tanks_game\tanks_game_code\sfmlgame1\debug\sfmlgame1.tlog\link.read.1.tlog
c:\users\riley\documents\visual studio 2013\projects\tanks_game\tanks_game_code\sfmlgame1\debug\sfmlgame1.tlog\link.write.1.tlog
