Build started 11/14/2015 11:21:48 AM.
     1>Project "C:\Users\Riley\Documents\Visual Studio 2013\Projects\Tanks_Game\Tanks_Game_Code\SFMLGame1\SFMLGame1.vcxproj" on node 2 (Build target(s)).
     1>Link:
         C:\Program Files (x86)\Microsoft Visual Studio 12.0\VC\bin\link.exe /ERRORREPORT:PROMPT /OUT:"C:\Users\Riley\Documents\Visual Studio 2013\Projects\Tanks_Game\Tanks_Game_Code\Debug\SFMLGame1.exe" /INCREMENTAL /NOLOGO /LIBPATH:"C:\SFML\SFML-2.1\Libs\Debug" "sfml-graphics-d.lib" "sfml-window-d.lib" "sfml-system-d.lib" kernel32.lib user32.lib gdi32.lib winspool.lib comdlg32.lib advapi32.lib shell32.lib ole32.lib oleaut32.lib uuid.lib odbc32.lib odbccp32.lib /MANIFEST /MANIFESTUAC:"level='asInvoker' uiAccess='false'" /manifest:embed /DEBUG /PDB:"C:\Users\Riley\Documents\Visual Studio 2013\Projects\Tanks_Game\Tanks_Game_Code\Debug\SFMLGame1.pdb" /SUBSYSTEM:CONSOLE /TLBID:1 /DYNAMICBASE /NXCOMPAT /IMPLIB:"C:\Users\Riley\Documents\Visual Studio 2013\Projects\Tanks_Game\Tanks_Game_Code\Debug\SFMLGame1.lib" /MACHINE:X86 Debug\AARectHitBox.obj
         Debug\App.obj
         Debug\AppSprite.obj
         Debug\BasicButton.obj
         Debug\CircularHitBox.obj
         Debug\Collidable.obj
         Debug\CollisionLineSeg.obj
         Debug\ConvexHitBox.obj
         Debug\Game.obj
         Debug\GameMap.obj
         Debug\GeneralHitBox.obj
         Debug\GeneralMap.obj
         Debug\HitBoxVector.obj
         Debug\Main.obj
         Debug\MainMenu.obj
         Debug\Menu.obj
         Debug\MenuBackground.obj
         Debug\MenuElement.obj
         Debug\MenuManager.obj
         Debug\MenuSprite.obj
         Debug\MouseData.obj
         Debug\MultiMenuSprite.obj
         Debug\NameSearchable.obj
         Debug\Player.obj
         Debug\ResourceGroup.obj
         Debug\ResourceManager.obj
         Debug\MultiTextBox.obj
         Debug\SingleTextBox.obj
         Debug\Slider.obj
         SFMLGame1.vcxproj -> C:\Users\Riley\Documents\Visual Studio 2013\Projects\Tanks_Game\Tanks_Game_Code\Debug\SFMLGame1.exe
     1>Done Building Project "C:\Users\Riley\Documents\Visual Studio 2013\Projects\Tanks_Game\Tanks_Game_Code\SFMLGame1\SFMLGame1.vcxproj" (Build target(s)).

Build succeeded.

Time Elapsed 00:00:00.71
